[0mCMake Deprecation Warning at CMakeLists.txt:1 (cmake_minimum_required):
  Compatibility with CMake < 3.10 will be removed from a future version of
  CMake.

  Update the VERSION argument <min> value.  Or, use the <min>...<max> syntax
  to tell CMake that the project requires at least <min> but has been updated
  to work with policies introduced by <max> or earlier.

[0m
[33mCMake Warning:
  Manually-specified variables were not used by the project:

    PYTHON_EXECUTABLE
    ROS_DISTRO

[0m
In file included from [01m[K/home/jliang/ros_ws/src/mavros/libmavconn/include/mavconn/interface.hpp:41[m[K,
                 from [01m[K/home/jliang/ros_ws/build/libmavconn/generated/src/mavlink_helpers.cpp:24[m[K:
[01m[K/home/jliang/ros_ws/src/mavros/libmavconn/include/mavconn/mavlink_dialect.hpp:28:10:[m[K [01;31m[Kfatal error: [m[Kmavlink/config.h: No such file or directory
   28 | #include [01;31m[K<mavlink/config.h>[m[K
      |          [01;31m[K^~~~~~~~~~~~~~~~~~[m[K
compilation terminated.
make[2]: *** [CMakeFiles/mavconn.dir/build.make:79: CMakeFiles/mavconn.dir/generated/src/mavlink_helpers.cpp.o] Error 1
make[2]: *** Waiting for unfinished jobs....
In file included from [01m[K/home/jliang/ros_ws/src/mavros/libmavconn/include/mavconn/interface.hpp:41[m[K,
                 from [01m[K/home/jliang/ros_ws/src/mavros/libmavconn/src/interface.cpp:25[m[K:
[01m[K/home/jliang/ros_ws/src/mavros/libmavconn/include/mavconn/mavlink_dialect.hpp:28:10:[m[K [01;31m[Kfatal error: [m[Kmavlink/config.h: No such file or directory
   28 | #include [01;31m[K<mavlink/config.h>[m[K
      |          [01;31m[K^~~~~~~~~~~~~~~~~~[m[K
compilation terminated.
make[2]: *** [CMakeFiles/mavconn.dir/build.make:93: CMakeFiles/mavconn.dir/src/interface.cpp.o] Error 1
In file included from [01m[K/home/jliang/ros_ws/src/mavros/libmavconn/include/mavconn/interface.hpp:41[m[K,
                 from [01m[K/home/jliang/ros_ws/src/mavros/libmavconn/include/mavconn/serial.hpp:27[m[K,
                 from [01m[K/home/jliang/ros_ws/src/mavros/libmavconn/src/serial.cpp:26[m[K:
[01m[K/home/jliang/ros_ws/src/mavros/libmavconn/include/mavconn/mavlink_dialect.hpp:28:10:[m[K [01;31m[Kfatal error: [m[Kmavlink/config.h: No such file or directory
   28 | #include [01;31m[K<mavlink/config.h>[m[K
      |          [01;31m[K^~~~~~~~~~~~~~~~~~[m[K
compilation terminated.
make[2]: *** [CMakeFiles/mavconn.dir/build.make:107: CMakeFiles/mavconn.dir/src/serial.cpp.o] Error 1
In file included from [01m[K/home/jliang/ros_ws/src/mavros/libmavconn/include/mavconn/interface.hpp:41[m[K,
                 from [01m[K/home/jliang/ros_ws/src/mavros/libmavconn/include/mavconn/udp.hpp:28[m[K,
                 from [01m[K/home/jliang/ros_ws/src/mavros/libmavconn/src/udp.cpp:23[m[K:
[01m[K/home/jliang/ros_ws/src/mavros/libmavconn/include/mavconn/mavlink_dialect.hpp:28:10:[m[K [01;31m[Kfatal error: [m[Kmavlink/config.h: No such file or directory
   28 | #include [01;31m[K<mavlink/config.h>[m[K
      |          [01;31m[K^~~~~~~~~~~~~~~~~~[m[K
compilation terminated.
make[2]: *** [CMakeFiles/mavconn.dir/build.make:135: CMakeFiles/mavconn.dir/src/udp.cpp.o] Error 1
In file included from [01m[K/home/jliang/ros_ws/src/mavros/libmavconn/include/mavconn/interface.hpp:41[m[K,
                 from [01m[K/home/jliang/ros_ws/src/mavros/libmavconn/include/mavconn/tcp.hpp:30[m[K,
                 from [01m[K/home/jliang/ros_ws/src/mavros/libmavconn/src/tcp.cpp:24[m[K:
[01m[K/home/jliang/ros_ws/src/mavros/libmavconn/include/mavconn/mavlink_dialect.hpp:28:10:[m[K [01;31m[Kfatal error: [m[Kmavlink/config.h: No such file or directory
   28 | #include [01;31m[K<mavlink/config.h>[m[K
      |          [01;31m[K^~~~~~~~~~~~~~~~~~[m[K
compilation terminated.
make[2]: *** [CMakeFiles/mavconn.dir/build.make:121: CMakeFiles/mavconn.dir/src/tcp.cpp.o] Error 1
make[1]: *** [CMakeFiles/Makefile2:153: CMakeFiles/mavconn.dir/all] Error 2
make: *** [Makefile:146: all] Error 2
