[0.017s] Invoking command in '/home/jliang/ros_ws/build/libmavconn': CMAKE_PREFIX_PATH=/home/jliang/ros_ws/install/mavlink:/home/jliang/ros_ws/install/common_interfaces:/home/jliang/ros_ws/install/visualization_msgs:/home/jliang/ros_ws/install/uuid_msgs:/home/jliang/ros_ws/install/tf2_geometry_msgs:/home/jliang/ros_ws/install/tf2_eigen:/home/jliang/ros_ws/install/tf2_ros:/home/jliang/ros_ws/install/tf2_py:/home/jliang/ros_ws/install/tf2_msgs:/home/jliang/ros_ws/install/diagnostics:/home/jliang/ros_ws/install/self_test:/home/jliang/ros_ws/install/message_filters:/home/jliang/ros_ws/install/diagnostic_common_diagnostics:/home/jliang/ros_ws/install/diagnostic_updater:/home/jliang/ros_ws/install/diagnostic_aggregator:/home/jliang/ros_ws/install/rclpy:/home/jliang/ros_ws/install/rclcpp_action:/home/jliang/ros_ws/install/rcl_action:/home/jliang/ros_ws/install/mavros_msgs:/home/jliang/ros_ws/install/geographic_info:/home/jliang/ros_ws/install/geodesy:/home/jliang/ros_ws/install/geographic_msgs:/home/jliang/ros_ws/install/action_msgs:/home/jliang/ros_ws/install/unique_identifier_msgs:/home/jliang/ros_ws/install/trajectory_msgs:/home/jliang/ros_ws/install/tf2:/home/jliang/ros_ws/install/stereo_msgs:/home/jliang/ros_ws/install/std_srvs:/home/jliang/ros_ws/install/shape_msgs:/home/jliang/ros_ws/install/sensor_msgs:/home/jliang/ros_ws/install/nav_msgs:/home/jliang/ros_ws/install/diagnostic_msgs:/home/jliang/ros_ws/install/geometry_msgs:/home/jliang/ros_ws/install/actionlib_msgs:/home/jliang/ros_ws/install/std_msgs:/home/jliang/ros_ws/install/rclcpp_lifecycle:/home/jliang/ros_ws/install/rclcpp_components:/home/jliang/ros_ws/install/rclcpp:/home/jliang/ros_ws/install/statistics_msgs:/home/jliang/ros_ws/install/rosidl_typesupport_introspection_tests:/home/jliang/ros_ws/install/rosgraph_msgs:/home/jliang/ros_ws/install/rcl_lifecycle:/home/jliang/ros_ws/install/rcl:/home/jliang/ros_ws/install/composition_interfaces:/home/jliang/ros_ws/install/rcl_interfaces:/home/jliang/ros_ws/install/lifecycle_msgs:/home/jliang/ros_ws/install/builtin_interfaces:/home/jliang/ros_ws/install/rosidl_default_runtime:/home/jliang/ros_ws/install/rosidl_default_generators:/home/jliang/ros_ws/install/rosidl_typesupport_cpp:/home/jliang/ros_ws/install/rosidl_typesupport_introspection_cpp:/home/jliang/ros_ws/install/rosidl_generator_py:/home/jliang/ros_ws/install/rosidl_typesupport_c:/home/jliang/ros_ws/install/rosidl_typesupport_introspection_c:/home/jliang/ros_ws/install/rosidl_generator_cpp:/home/jliang/ros_ws/install/rosidl_runtime_cpp:/home/jliang/ros_ws/install/rosidl_runtime_c:/home/jliang/ros_ws/install/rosidl_generator_c:/home/jliang/ros_ws/install/rosidl_typesupport_interface:/home/jliang/ros_ws/install/rosidl_cmake:/home/jliang/ros_ws/install/rosidl_parser:/home/jliang/ros_ws/install/rosidl_adapter:/home/jliang/ros_ws/install/rcl_logging_spdlog:/home/jliang/ros_ws/install/rcl_logging_noop:/home/jliang/ros_ws/install/rcl_logging_interface:/home/jliang/ros_ws/install/pluginlib:/home/jliang/ros_ws/install/rcutils:/home/jliang/ros_ws/install/rcl_yaml_param_parser:/home/jliang/ros_ws/install/pybind11_vendor:/home/jliang/ros_ws/install/orocos_kdl_vendor:/home/jliang/ros_ws/install/eigen_stl_containers:/home/jliang/ros_ws/install/eigen3_cmake_module:/home/jliang/ros_ws/install/diagnostic_remote_logging:/home/jliang/ros_ws/install/console_bridge_vendor:/home/jliang/ros_ws/install/angles:/home/jliang/miniforge3/envs/ros_humble:/home/jliang/miniforge3/envs/ros_humble/x86_64-conda-linux-gnu/sysroot/usr:/home/jliang/ros_ws/install/tf2_tools:/home/jliang/ros_ws/install/examples_tf2_py:/home/jliang/ros_ws/install/tf2_ros_py:/home/jliang/ros_ws/install/ros2plugin:/home/jliang/ros_ws/install/ravage_ros:/home/jliang/ros_ws/install/sensor_msgs_py:/home/jliang/ros_ws/install/rosidl_cli CONDA_PROMPT_MODIFIER=(ros_humble) /home/jliang/miniforge3/envs/ros_humble/bin/cmake /home/jliang/ros_ws/src/mavros/libmavconn -DCMAKE_BUILD_TYPE=Release -DBUILD_TESTING=OFF -DPython3_EXECUTABLE=/home/jliang/miniforge3/envs/ros_humble/bin/python -DPYTHON_EXECUTABLE=/home/jliang/miniforge3/envs/ros_humble/bin/python -DROS_DISTRO=humble -DCMAKE_POLICY_VERSION_MINIMUM=3.5 -DAMENT_CMAKE_SYMLINK_INSTALL=1 -DCMAKE_INSTALL_PREFIX=/home/jliang/ros_ws/install/libmavconn
[0.062s] [0mCMake Deprecation Warning at CMakeLists.txt:1 (cmake_minimum_required):
[0.062s]   Compatibility with CMake < 3.10 will be removed from a future version of
[0.062s]   CMake.
[0.062s] 
[0.062s]   Update the VERSION argument <min> value.  Or, use the <min>...<max> syntax
[0.062s]   to tell CMake that the project requires at least <min> but has been updated
[0.063s]   to work with policies introduced by <max> or earlier.
[0.063s] 
[0.063s] [0m
[0.145s] -- The C compiler identification is GNU 14.3.0
[0.277s] -- The CXX compiler identification is GNU 14.3.0
[0.296s] -- Detecting C compiler ABI info
[0.414s] -- Detecting C compiler ABI info - done
[0.439s] -- Check for working C compiler: /home/jliang/miniforge3/envs/ros_humble/bin/x86_64-conda-linux-gnu-cc - skipped
[0.440s] -- Detecting C compile features
[0.440s] -- Detecting C compile features - done
[0.466s] -- Detecting CXX compiler ABI info
[0.595s] -- Detecting CXX compiler ABI info - done
[0.618s] -- Check for working CXX compiler: /home/jliang/miniforge3/envs/ros_humble/bin/x86_64-conda-linux-gnu-c++ - skipped
[0.619s] -- Detecting CXX compile features
[0.620s] -- Detecting CXX compile features - done
[0.641s] -- Found ament_cmake: 1.3.3 (/home/jliang/miniforge3/envs/ros_humble/share/ament_cmake/cmake)
[0.788s] -- Found Python3: /home/jliang/miniforge3/envs/ros_humble/bin/python (found version "3.10.19") found components: Interpreter
[0.853s] -- Override CMake install command with custom implementation using symlinks instead of copying resources
[0.941s] -- Found ASIO: /home/jliang/miniforge3/envs/ros_humble/include
[1.157s] -- Copy mavlink_dialect.hpp to source tree
[1.249s] -- Configuring done (1.2s)
[1.255s] -- Generating done (0.0s)
[1.255s] [33mCMake Warning:
[1.256s]   Manually-specified variables were not used by the project:
[1.256s] 
[1.256s]     PYTHON_EXECUTABLE
[1.257s]     ROS_DISTRO
[1.257s] 
[1.258s] [0m
[1.258s] -- Build files have been written to: /home/jliang/ros_ws/build/libmavconn
[1.267s] Invoked command in '/home/jliang/ros_ws/build/libmavconn' returned '0': CMAKE_PREFIX_PATH=/home/jliang/ros_ws/install/mavlink:/home/jliang/ros_ws/install/common_interfaces:/home/jliang/ros_ws/install/visualization_msgs:/home/jliang/ros_ws/install/uuid_msgs:/home/jliang/ros_ws/install/tf2_geometry_msgs:/home/jliang/ros_ws/install/tf2_eigen:/home/jliang/ros_ws/install/tf2_ros:/home/jliang/ros_ws/install/tf2_py:/home/jliang/ros_ws/install/tf2_msgs:/home/jliang/ros_ws/install/diagnostics:/home/jliang/ros_ws/install/self_test:/home/jliang/ros_ws/install/message_filters:/home/jliang/ros_ws/install/diagnostic_common_diagnostics:/home/jliang/ros_ws/install/diagnostic_updater:/home/jliang/ros_ws/install/diagnostic_aggregator:/home/jliang/ros_ws/install/rclpy:/home/jliang/ros_ws/install/rclcpp_action:/home/jliang/ros_ws/install/rcl_action:/home/jliang/ros_ws/install/mavros_msgs:/home/jliang/ros_ws/install/geographic_info:/home/jliang/ros_ws/install/geodesy:/home/jliang/ros_ws/install/geographic_msgs:/home/jliang/ros_ws/install/action_msgs:/home/jliang/ros_ws/install/unique_identifier_msgs:/home/jliang/ros_ws/install/trajectory_msgs:/home/jliang/ros_ws/install/tf2:/home/jliang/ros_ws/install/stereo_msgs:/home/jliang/ros_ws/install/std_srvs:/home/jliang/ros_ws/install/shape_msgs:/home/jliang/ros_ws/install/sensor_msgs:/home/jliang/ros_ws/install/nav_msgs:/home/jliang/ros_ws/install/diagnostic_msgs:/home/jliang/ros_ws/install/geometry_msgs:/home/jliang/ros_ws/install/actionlib_msgs:/home/jliang/ros_ws/install/std_msgs:/home/jliang/ros_ws/install/rclcpp_lifecycle:/home/jliang/ros_ws/install/rclcpp_components:/home/jliang/ros_ws/install/rclcpp:/home/jliang/ros_ws/install/statistics_msgs:/home/jliang/ros_ws/install/rosidl_typesupport_introspection_tests:/home/jliang/ros_ws/install/rosgraph_msgs:/home/jliang/ros_ws/install/rcl_lifecycle:/home/jliang/ros_ws/install/rcl:/home/jliang/ros_ws/install/composition_interfaces:/home/jliang/ros_ws/install/rcl_interfaces:/home/jliang/ros_ws/install/lifecycle_msgs:/home/jliang/ros_ws/install/builtin_interfaces:/home/jliang/ros_ws/install/rosidl_default_runtime:/home/jliang/ros_ws/install/rosidl_default_generators:/home/jliang/ros_ws/install/rosidl_typesupport_cpp:/home/jliang/ros_ws/install/rosidl_typesupport_introspection_cpp:/home/jliang/ros_ws/install/rosidl_generator_py:/home/jliang/ros_ws/install/rosidl_typesupport_c:/home/jliang/ros_ws/install/rosidl_typesupport_introspection_c:/home/jliang/ros_ws/install/rosidl_generator_cpp:/home/jliang/ros_ws/install/rosidl_runtime_cpp:/home/jliang/ros_ws/install/rosidl_runtime_c:/home/jliang/ros_ws/install/rosidl_generator_c:/home/jliang/ros_ws/install/rosidl_typesupport_interface:/home/jliang/ros_ws/install/rosidl_cmake:/home/jliang/ros_ws/install/rosidl_parser:/home/jliang/ros_ws/install/rosidl_adapter:/home/jliang/ros_ws/install/rcl_logging_spdlog:/home/jliang/ros_ws/install/rcl_logging_noop:/home/jliang/ros_ws/install/rcl_logging_interface:/home/jliang/ros_ws/install/pluginlib:/home/jliang/ros_ws/install/rcutils:/home/jliang/ros_ws/install/rcl_yaml_param_parser:/home/jliang/ros_ws/install/pybind11_vendor:/home/jliang/ros_ws/install/orocos_kdl_vendor:/home/jliang/ros_ws/install/eigen_stl_containers:/home/jliang/ros_ws/install/eigen3_cmake_module:/home/jliang/ros_ws/install/diagnostic_remote_logging:/home/jliang/ros_ws/install/console_bridge_vendor:/home/jliang/ros_ws/install/angles:/home/jliang/miniforge3/envs/ros_humble:/home/jliang/miniforge3/envs/ros_humble/x86_64-conda-linux-gnu/sysroot/usr:/home/jliang/ros_ws/install/tf2_tools:/home/jliang/ros_ws/install/examples_tf2_py:/home/jliang/ros_ws/install/tf2_ros_py:/home/jliang/ros_ws/install/ros2plugin:/home/jliang/ros_ws/install/ravage_ros:/home/jliang/ros_ws/install/sensor_msgs_py:/home/jliang/ros_ws/install/rosidl_cli CONDA_PROMPT_MODIFIER=(ros_humble) /home/jliang/miniforge3/envs/ros_humble/bin/cmake /home/jliang/ros_ws/src/mavros/libmavconn -DCMAKE_BUILD_TYPE=Release -DBUILD_TESTING=OFF -DPython3_EXECUTABLE=/home/jliang/miniforge3/envs/ros_humble/bin/python -DPYTHON_EXECUTABLE=/home/jliang/miniforge3/envs/ros_humble/bin/python -DROS_DISTRO=humble -DCMAKE_POLICY_VERSION_MINIMUM=3.5 -DAMENT_CMAKE_SYMLINK_INSTALL=1 -DCMAKE_INSTALL_PREFIX=/home/jliang/ros_ws/install/libmavconn
[1.269s] Invoking command in '/home/jliang/ros_ws/build/libmavconn': CMAKE_PREFIX_PATH=/home/jliang/ros_ws/install/mavlink:/home/jliang/ros_ws/install/common_interfaces:/home/jliang/ros_ws/install/visualization_msgs:/home/jliang/ros_ws/install/uuid_msgs:/home/jliang/ros_ws/install/tf2_geometry_msgs:/home/jliang/ros_ws/install/tf2_eigen:/home/jliang/ros_ws/install/tf2_ros:/home/jliang/ros_ws/install/tf2_py:/home/jliang/ros_ws/install/tf2_msgs:/home/jliang/ros_ws/install/diagnostics:/home/jliang/ros_ws/install/self_test:/home/jliang/ros_ws/install/message_filters:/home/jliang/ros_ws/install/diagnostic_common_diagnostics:/home/jliang/ros_ws/install/diagnostic_updater:/home/jliang/ros_ws/install/diagnostic_aggregator:/home/jliang/ros_ws/install/rclpy:/home/jliang/ros_ws/install/rclcpp_action:/home/jliang/ros_ws/install/rcl_action:/home/jliang/ros_ws/install/mavros_msgs:/home/jliang/ros_ws/install/geographic_info:/home/jliang/ros_ws/install/geodesy:/home/jliang/ros_ws/install/geographic_msgs:/home/jliang/ros_ws/install/action_msgs:/home/jliang/ros_ws/install/unique_identifier_msgs:/home/jliang/ros_ws/install/trajectory_msgs:/home/jliang/ros_ws/install/tf2:/home/jliang/ros_ws/install/stereo_msgs:/home/jliang/ros_ws/install/std_srvs:/home/jliang/ros_ws/install/shape_msgs:/home/jliang/ros_ws/install/sensor_msgs:/home/jliang/ros_ws/install/nav_msgs:/home/jliang/ros_ws/install/diagnostic_msgs:/home/jliang/ros_ws/install/geometry_msgs:/home/jliang/ros_ws/install/actionlib_msgs:/home/jliang/ros_ws/install/std_msgs:/home/jliang/ros_ws/install/rclcpp_lifecycle:/home/jliang/ros_ws/install/rclcpp_components:/home/jliang/ros_ws/install/rclcpp:/home/jliang/ros_ws/install/statistics_msgs:/home/jliang/ros_ws/install/rosidl_typesupport_introspection_tests:/home/jliang/ros_ws/install/rosgraph_msgs:/home/jliang/ros_ws/install/rcl_lifecycle:/home/jliang/ros_ws/install/rcl:/home/jliang/ros_ws/install/composition_interfaces:/home/jliang/ros_ws/install/rcl_interfaces:/home/jliang/ros_ws/install/lifecycle_msgs:/home/jliang/ros_ws/install/builtin_interfaces:/home/jliang/ros_ws/install/rosidl_default_runtime:/home/jliang/ros_ws/install/rosidl_default_generators:/home/jliang/ros_ws/install/rosidl_typesupport_cpp:/home/jliang/ros_ws/install/rosidl_typesupport_introspection_cpp:/home/jliang/ros_ws/install/rosidl_generator_py:/home/jliang/ros_ws/install/rosidl_typesupport_c:/home/jliang/ros_ws/install/rosidl_typesupport_introspection_c:/home/jliang/ros_ws/install/rosidl_generator_cpp:/home/jliang/ros_ws/install/rosidl_runtime_cpp:/home/jliang/ros_ws/install/rosidl_runtime_c:/home/jliang/ros_ws/install/rosidl_generator_c:/home/jliang/ros_ws/install/rosidl_typesupport_interface:/home/jliang/ros_ws/install/rosidl_cmake:/home/jliang/ros_ws/install/rosidl_parser:/home/jliang/ros_ws/install/rosidl_adapter:/home/jliang/ros_ws/install/rcl_logging_spdlog:/home/jliang/ros_ws/install/rcl_logging_noop:/home/jliang/ros_ws/install/rcl_logging_interface:/home/jliang/ros_ws/install/pluginlib:/home/jliang/ros_ws/install/rcutils:/home/jliang/ros_ws/install/rcl_yaml_param_parser:/home/jliang/ros_ws/install/pybind11_vendor:/home/jliang/ros_ws/install/orocos_kdl_vendor:/home/jliang/ros_ws/install/eigen_stl_containers:/home/jliang/ros_ws/install/eigen3_cmake_module:/home/jliang/ros_ws/install/diagnostic_remote_logging:/home/jliang/ros_ws/install/console_bridge_vendor:/home/jliang/ros_ws/install/angles:/home/jliang/miniforge3/envs/ros_humble:/home/jliang/miniforge3/envs/ros_humble/x86_64-conda-linux-gnu/sysroot/usr:/home/jliang/ros_ws/install/tf2_tools:/home/jliang/ros_ws/install/examples_tf2_py:/home/jliang/ros_ws/install/tf2_ros_py:/home/jliang/ros_ws/install/ros2plugin:/home/jliang/ros_ws/install/ravage_ros:/home/jliang/ros_ws/install/sensor_msgs_py:/home/jliang/ros_ws/install/rosidl_cli CONDA_PROMPT_MODIFIER=(ros_humble) /home/jliang/miniforge3/envs/ros_humble/bin/cmake --build /home/jliang/ros_ws/build/libmavconn -- -j48 -l48
[1.336s] [ 16%] [32mBuilding CXX object CMakeFiles/mavconn.dir/src/serial.cpp.o[0m
[1.338s] [ 33%] [32mBuilding CXX object CMakeFiles/mavconn.dir/generated/src/mavlink_helpers.cpp.o[0m
[1.338s] [ 50%] [32mBuilding CXX object CMakeFiles/mavconn.dir/src/interface.cpp.o[0m
[1.339s] [ 66%] [32mBuilding CXX object CMakeFiles/mavconn.dir/src/tcp.cpp.o[0m
[1.340s] [ 83%] [32mBuilding CXX object CMakeFiles/mavconn.dir/src/udp.cpp.o[0m
[1.474s] In file included from [01m[K/home/jliang/ros_ws/src/mavros/libmavconn/include/mavconn/interface.hpp:41[m[K,
[1.474s]                  from [01m[K/home/jliang/ros_ws/build/libmavconn/generated/src/mavlink_helpers.cpp:24[m[K:
[1.474s] [01m[K/home/jliang/ros_ws/src/mavros/libmavconn/include/mavconn/mavlink_dialect.hpp:28:10:[m[K [01;31m[Kfatal error: [m[Kmavlink/config.h: No such file or directory
[1.474s]    28 | #include [01;31m[K<mavlink/config.h>[m[K
[1.475s]       |          [01;31m[K^~~~~~~~~~~~~~~~~~[m[K
[1.475s] compilation terminated.
[1.478s] make[2]: *** [CMakeFiles/mavconn.dir/build.make:79: CMakeFiles/mavconn.dir/generated/src/mavlink_helpers.cpp.o] Error 1
[1.478s] make[2]: *** Waiting for unfinished jobs....
[1.485s] In file included from [01m[K/home/jliang/ros_ws/src/mavros/libmavconn/include/mavconn/interface.hpp:41[m[K,
[1.485s]                  from [01m[K/home/jliang/ros_ws/src/mavros/libmavconn/src/interface.cpp:25[m[K:
[1.485s] [01m[K/home/jliang/ros_ws/src/mavros/libmavconn/include/mavconn/mavlink_dialect.hpp:28:10:[m[K [01;31m[Kfatal error: [m[Kmavlink/config.h: No such file or directory
[1.485s]    28 | #include [01;31m[K<mavlink/config.h>[m[K
[1.485s]       |          [01;31m[K^~~~~~~~~~~~~~~~~~[m[K
[1.485s] compilation terminated.
[1.492s] make[2]: *** [CMakeFiles/mavconn.dir/build.make:93: CMakeFiles/mavconn.dir/src/interface.cpp.o] Error 1
[1.749s] In file included from [01m[K/home/jliang/ros_ws/src/mavros/libmavconn/include/mavconn/interface.hpp:41[m[K,
[1.749s]                  from [01m[K/home/jliang/ros_ws/src/mavros/libmavconn/include/mavconn/serial.hpp:27[m[K,
[1.749s]                  from [01m[K/home/jliang/ros_ws/src/mavros/libmavconn/src/serial.cpp:26[m[K:
[1.749s] [01m[K/home/jliang/ros_ws/src/mavros/libmavconn/include/mavconn/mavlink_dialect.hpp:28:10:[m[K [01;31m[Kfatal error: [m[Kmavlink/config.h: No such file or directory
[1.749s]    28 | #include [01;31m[K<mavlink/config.h>[m[K
[1.749s]       |          [01;31m[K^~~~~~~~~~~~~~~~~~[m[K
[1.749s] compilation terminated.
[1.760s] make[2]: *** [CMakeFiles/mavconn.dir/build.make:107: CMakeFiles/mavconn.dir/src/serial.cpp.o] Error 1
[1.763s] In file included from [01m[K/home/jliang/ros_ws/src/mavros/libmavconn/include/mavconn/interface.hpp:41[m[K,
[1.763s]                  from [01m[K/home/jliang/ros_ws/src/mavros/libmavconn/include/mavconn/udp.hpp:28[m[K,
[1.763s]                  from [01m[K/home/jliang/ros_ws/src/mavros/libmavconn/src/udp.cpp:23[m[K:
[1.763s] [01m[K/home/jliang/ros_ws/src/mavros/libmavconn/include/mavconn/mavlink_dialect.hpp:28:10:[m[K [01;31m[Kfatal error: [m[Kmavlink/config.h: No such file or directory
[1.763s]    28 | #include [01;31m[K<mavlink/config.h>[m[K
[1.763s]       |          [01;31m[K^~~~~~~~~~~~~~~~~~[m[K
[1.763s] compilation terminated.
[1.775s] make[2]: *** [CMakeFiles/mavconn.dir/build.make:135: CMakeFiles/mavconn.dir/src/udp.cpp.o] Error 1
[1.781s] In file included from [01m[K/home/jliang/ros_ws/src/mavros/libmavconn/include/mavconn/interface.hpp:41[m[K,
[1.781s]                  from [01m[K/home/jliang/ros_ws/src/mavros/libmavconn/include/mavconn/tcp.hpp:30[m[K,
[1.781s]                  from [01m[K/home/jliang/ros_ws/src/mavros/libmavconn/src/tcp.cpp:24[m[K:
[1.781s] [01m[K/home/jliang/ros_ws/src/mavros/libmavconn/include/mavconn/mavlink_dialect.hpp:28:10:[m[K [01;31m[Kfatal error: [m[Kmavlink/config.h: No such file or directory
[1.781s]    28 | #include [01;31m[K<mavlink/config.h>[m[K
[1.781s]       |          [01;31m[K^~~~~~~~~~~~~~~~~~[m[K
[1.781s] compilation terminated.
[1.793s] make[2]: *** [CMakeFiles/mavconn.dir/build.make:121: CMakeFiles/mavconn.dir/src/tcp.cpp.o] Error 1
[1.794s] make[1]: *** [CMakeFiles/Makefile2:153: CMakeFiles/mavconn.dir/all] Error 2
[1.794s] make: *** [Makefile:146: all] Error 2
[1.798s] Invoked command in '/home/jliang/ros_ws/build/libmavconn' returned '2': CMAKE_PREFIX_PATH=/home/jliang/ros_ws/install/mavlink:/home/jliang/ros_ws/install/common_interfaces:/home/jliang/ros_ws/install/visualization_msgs:/home/jliang/ros_ws/install/uuid_msgs:/home/jliang/ros_ws/install/tf2_geometry_msgs:/home/jliang/ros_ws/install/tf2_eigen:/home/jliang/ros_ws/install/tf2_ros:/home/jliang/ros_ws/install/tf2_py:/home/jliang/ros_ws/install/tf2_msgs:/home/jliang/ros_ws/install/diagnostics:/home/jliang/ros_ws/install/self_test:/home/jliang/ros_ws/install/message_filters:/home/jliang/ros_ws/install/diagnostic_common_diagnostics:/home/jliang/ros_ws/install/diagnostic_updater:/home/jliang/ros_ws/install/diagnostic_aggregator:/home/jliang/ros_ws/install/rclpy:/home/jliang/ros_ws/install/rclcpp_action:/home/jliang/ros_ws/install/rcl_action:/home/jliang/ros_ws/install/mavros_msgs:/home/jliang/ros_ws/install/geographic_info:/home/jliang/ros_ws/install/geodesy:/home/jliang/ros_ws/install/geographic_msgs:/home/jliang/ros_ws/install/action_msgs:/home/jliang/ros_ws/install/unique_identifier_msgs:/home/jliang/ros_ws/install/trajectory_msgs:/home/jliang/ros_ws/install/tf2:/home/jliang/ros_ws/install/stereo_msgs:/home/jliang/ros_ws/install/std_srvs:/home/jliang/ros_ws/install/shape_msgs:/home/jliang/ros_ws/install/sensor_msgs:/home/jliang/ros_ws/install/nav_msgs:/home/jliang/ros_ws/install/diagnostic_msgs:/home/jliang/ros_ws/install/geometry_msgs:/home/jliang/ros_ws/install/actionlib_msgs:/home/jliang/ros_ws/install/std_msgs:/home/jliang/ros_ws/install/rclcpp_lifecycle:/home/jliang/ros_ws/install/rclcpp_components:/home/jliang/ros_ws/install/rclcpp:/home/jliang/ros_ws/install/statistics_msgs:/home/jliang/ros_ws/install/rosidl_typesupport_introspection_tests:/home/jliang/ros_ws/install/rosgraph_msgs:/home/jliang/ros_ws/install/rcl_lifecycle:/home/jliang/ros_ws/install/rcl:/home/jliang/ros_ws/install/composition_interfaces:/home/jliang/ros_ws/install/rcl_interfaces:/home/jliang/ros_ws/install/lifecycle_msgs:/home/jliang/ros_ws/install/builtin_interfaces:/home/jliang/ros_ws/install/rosidl_default_runtime:/home/jliang/ros_ws/install/rosidl_default_generators:/home/jliang/ros_ws/install/rosidl_typesupport_cpp:/home/jliang/ros_ws/install/rosidl_typesupport_introspection_cpp:/home/jliang/ros_ws/install/rosidl_generator_py:/home/jliang/ros_ws/install/rosidl_typesupport_c:/home/jliang/ros_ws/install/rosidl_typesupport_introspection_c:/home/jliang/ros_ws/install/rosidl_generator_cpp:/home/jliang/ros_ws/install/rosidl_runtime_cpp:/home/jliang/ros_ws/install/rosidl_runtime_c:/home/jliang/ros_ws/install/rosidl_generator_c:/home/jliang/ros_ws/install/rosidl_typesupport_interface:/home/jliang/ros_ws/install/rosidl_cmake:/home/jliang/ros_ws/install/rosidl_parser:/home/jliang/ros_ws/install/rosidl_adapter:/home/jliang/ros_ws/install/rcl_logging_spdlog:/home/jliang/ros_ws/install/rcl_logging_noop:/home/jliang/ros_ws/install/rcl_logging_interface:/home/jliang/ros_ws/install/pluginlib:/home/jliang/ros_ws/install/rcutils:/home/jliang/ros_ws/install/rcl_yaml_param_parser:/home/jliang/ros_ws/install/pybind11_vendor:/home/jliang/ros_ws/install/orocos_kdl_vendor:/home/jliang/ros_ws/install/eigen_stl_containers:/home/jliang/ros_ws/install/eigen3_cmake_module:/home/jliang/ros_ws/install/diagnostic_remote_logging:/home/jliang/ros_ws/install/console_bridge_vendor:/home/jliang/ros_ws/install/angles:/home/jliang/miniforge3/envs/ros_humble:/home/jliang/miniforge3/envs/ros_humble/x86_64-conda-linux-gnu/sysroot/usr:/home/jliang/ros_ws/install/tf2_tools:/home/jliang/ros_ws/install/examples_tf2_py:/home/jliang/ros_ws/install/tf2_ros_py:/home/jliang/ros_ws/install/ros2plugin:/home/jliang/ros_ws/install/ravage_ros:/home/jliang/ros_ws/install/sensor_msgs_py:/home/jliang/ros_ws/install/rosidl_cli CONDA_PROMPT_MODIFIER=(ros_humble) /home/jliang/miniforge3/envs/ros_humble/bin/cmake --build /home/jliang/ros_ws/build/libmavconn -- -j48 -l48
