# This is the CMakeCache file.
# For build in directory: /home/jliang/ros_ws/build/rosidl_typesupport_interface
# It was generated by CMake: /home/jliang/miniforge3/envs/ros_humble/bin/cmake
# You can edit this file to change values found and used by cmake.
# If you do not want to change any of the values, simply exit the editor.
# If you do want to change a value, simply edit, save, and exit the editor.
# The syntax for the file is as follows:
# KEY:TYPE=VALUE
# KEY is the name of a variable in the cache.
# TYPE is a hint to GUIs for the type of VALUE, DO NOT EDIT TYPE!.
# VALUE is the current value for the KEY.

########################
# EXTERNAL cache entries
########################

//Generate environment files in the CMAKE_INSTALL_PREFIX
AMENT_CMAKE_ENVIRONMENT_GENERATION:BOOL=OFF

//Generate environment files in the package share folder
AMENT_CMAKE_ENVIRONMENT_PACKAGE_GENERATION:BOOL=ON

//Generate marker file containing the parent prefix path
AMENT_CMAKE_ENVIRONMENT_PARENT_PREFIX_PATH_GENERATION:BOOL=ON

//Replace the CMake install command with a custom implementation
// using symlinks instead of copying resources
AMENT_CMAKE_SYMLINK_INSTALL:BOOL=1

//Generate an uninstall target to revert the effects of the install
// step
AMENT_CMAKE_UNINSTALL_TARGET:BOOL=ON

//The path where test results are generated
AMENT_TEST_RESULTS_DIR:PATH=/home/jliang/ros_ws/build/rosidl_typesupport_interface/test_results

//Build the testing tree.
BUILD_TESTING:BOOL=OFF

//No help, variable specified on the command line.
CMAKE_BUILD_TYPE:UNINITIALIZED=Release

//Enable/Disable color output during build.
CMAKE_COLOR_MAKEFILE:BOOL=ON

//Enable/Disable output of compile commands during generation.
CMAKE_EXPORT_COMPILE_COMMANDS:BOOL=

//Value Computed by CMake.
CMAKE_FIND_PACKAGE_REDIRECTS_DIR:STATIC=/home/jliang/ros_ws/build/rosidl_typesupport_interface/CMakeFiles/pkgRedirects

//Install path prefix, prepended onto install directories.
CMAKE_INSTALL_PREFIX:PATH=/home/jliang/ros_ws/install/rosidl_typesupport_interface

//Path to a program.
CMAKE_MAKE_PROGRAM:FILEPATH=/home/jliang/miniforge3/envs/ros_humble/bin/make

//No help, variable specified on the command line.
CMAKE_POLICY_VERSION_MINIMUM:UNINITIALIZED=3.5

//Value Computed by CMake
CMAKE_PROJECT_COMPAT_VERSION:STATIC=

//Value Computed by CMake
CMAKE_PROJECT_DESCRIPTION:STATIC=

//Value Computed by CMake
CMAKE_PROJECT_HOMEPAGE_URL:STATIC=

//Value Computed by CMake
CMAKE_PROJECT_NAME:STATIC=rosidl_typesupport_interface

//Value Computed by CMake
CMAKE_PROJECT_SPDX_LICENSE:STATIC=

//If set, runtime paths are not added when installing shared libraries,
// but are added when building.
CMAKE_SKIP_INSTALL_RPATH:BOOL=NO

//If set, runtime paths are not added when using shared libraries.
CMAKE_SKIP_RPATH:BOOL=NO

//If this value is on, makefiles will be generated without the
// .SILENT directive, and all commands will be echoed to the console
// during the make.  This is useful for debugging only. With Visual
// Studio IDE projects all commands are done without /nologo.
CMAKE_VERBOSE_MAKEFILE:BOOL=FALSE

//No help, variable specified on the command line.
PYTHON_EXECUTABLE:UNINITIALIZED=/home/jliang/miniforge3/envs/ros_humble/bin/python

//No help, variable specified on the command line.
Python3_EXECUTABLE:UNINITIALIZED=/home/jliang/miniforge3/envs/ros_humble/bin/python

//No help, variable specified on the command line.
ROS_DISTRO:UNINITIALIZED=humble

//The directory containing a CMake configuration file for ament_cmake.
ament_cmake_DIR:PATH=/home/jliang/miniforge3/envs/ros_humble/share/ament_cmake/cmake

//The directory containing a CMake configuration file for ament_cmake_core.
ament_cmake_core_DIR:PATH=/home/jliang/miniforge3/envs/ros_humble/share/ament_cmake_core/cmake

//The directory containing a CMake configuration file for ament_cmake_export_definitions.
ament_cmake_export_definitions_DIR:PATH=/home/jliang/miniforge3/envs/ros_humble/share/ament_cmake_export_definitions/cmake

//The directory containing a CMake configuration file for ament_cmake_export_dependencies.
ament_cmake_export_dependencies_DIR:PATH=/home/jliang/miniforge3/envs/ros_humble/share/ament_cmake_export_dependencies/cmake

//The directory containing a CMake configuration file for ament_cmake_export_include_directories.
ament_cmake_export_include_directories_DIR:PATH=/home/jliang/miniforge3/envs/ros_humble/share/ament_cmake_export_include_directories/cmake

//The directory containing a CMake configuration file for ament_cmake_export_interfaces.
ament_cmake_export_interfaces_DIR:PATH=/home/jliang/miniforge3/envs/ros_humble/share/ament_cmake_export_interfaces/cmake

//The directory containing a CMake configuration file for ament_cmake_export_libraries.
ament_cmake_export_libraries_DIR:PATH=/home/jliang/miniforge3/envs/ros_humble/share/ament_cmake_export_libraries/cmake

//The directory containing a CMake configuration file for ament_cmake_export_link_flags.
ament_cmake_export_link_flags_DIR:PATH=/home/jliang/miniforge3/envs/ros_humble/share/ament_cmake_export_link_flags/cmake

//The directory containing a CMake configuration file for ament_cmake_export_targets.
ament_cmake_export_targets_DIR:PATH=/home/jliang/miniforge3/envs/ros_humble/share/ament_cmake_export_targets/cmake

//The directory containing a CMake configuration file for ament_cmake_gen_version_h.
ament_cmake_gen_version_h_DIR:PATH=/home/jliang/miniforge3/envs/ros_humble/share/ament_cmake_gen_version_h/cmake

//The directory containing a CMake configuration file for ament_cmake_include_directories.
ament_cmake_include_directories_DIR:PATH=/home/jliang/miniforge3/envs/ros_humble/share/ament_cmake_include_directories/cmake

//The directory containing a CMake configuration file for ament_cmake_libraries.
ament_cmake_libraries_DIR:PATH=/home/jliang/miniforge3/envs/ros_humble/share/ament_cmake_libraries/cmake

//The directory containing a CMake configuration file for ament_cmake_python.
ament_cmake_python_DIR:PATH=/home/jliang/miniforge3/envs/ros_humble/share/ament_cmake_python/cmake

//The directory containing a CMake configuration file for ament_cmake_target_dependencies.
ament_cmake_target_dependencies_DIR:PATH=/home/jliang/miniforge3/envs/ros_humble/share/ament_cmake_target_dependencies/cmake

//The directory containing a CMake configuration file for ament_cmake_test.
ament_cmake_test_DIR:PATH=/home/jliang/miniforge3/envs/ros_humble/share/ament_cmake_test/cmake

//The directory containing a CMake configuration file for ament_cmake_version.
ament_cmake_version_DIR:PATH=/home/jliang/miniforge3/envs/ros_humble/share/ament_cmake_version/cmake

//No help, variable specified on the command line.
mavlink_DIR:UNINITIALIZED=/home/jliang/ros_ws/install/mavlink/lib/cmake/MAVLink

//Value Computed by CMake
rosidl_typesupport_interface_BINARY_DIR:STATIC=/home/jliang/ros_ws/build/rosidl_typesupport_interface

//Value Computed by CMake
rosidl_typesupport_interface_IS_TOP_LEVEL:STATIC=ON

//Value Computed by CMake
rosidl_typesupport_interface_SOURCE_DIR:STATIC=/home/jliang/ros_ws/src/rosidl/rosidl_typesupport_interface


########################
# INTERNAL cache entries
########################

//This is the directory where this CMakeCache.txt was created
CMAKE_CACHEFILE_DIR:INTERNAL=/home/jliang/ros_ws/build/rosidl_typesupport_interface
//Major version of cmake used to create the current loaded cache
CMAKE_CACHE_MAJOR_VERSION:INTERNAL=4
//Minor version of cmake used to create the current loaded cache
CMAKE_CACHE_MINOR_VERSION:INTERNAL=2
//Patch version of cmake used to create the current loaded cache
CMAKE_CACHE_PATCH_VERSION:INTERNAL=1
//ADVANCED property for variable: CMAKE_COLOR_MAKEFILE
CMAKE_COLOR_MAKEFILE-ADVANCED:INTERNAL=1
//Path to CMake executable.
CMAKE_COMMAND:INTERNAL=/home/jliang/miniforge3/envs/ros_humble/bin/cmake
//Path to cpack program executable.
CMAKE_CPACK_COMMAND:INTERNAL=/home/jliang/miniforge3/envs/ros_humble/bin/cpack
//Path to ctest program executable.
CMAKE_CTEST_COMMAND:INTERNAL=/home/jliang/miniforge3/envs/ros_humble/bin/ctest
//Path to cache edit program executable.
CMAKE_EDIT_COMMAND:INTERNAL=/home/jliang/miniforge3/envs/ros_humble/bin/ccmake
//ADVANCED property for variable: CMAKE_EXPORT_COMPILE_COMMANDS
CMAKE_EXPORT_COMPILE_COMMANDS-ADVANCED:INTERNAL=1
//Name of external makefile project generator.
CMAKE_EXTRA_GENERATOR:INTERNAL=
//Name of generator.
CMAKE_GENERATOR:INTERNAL=Unix Makefiles
//Generator instance identifier.
CMAKE_GENERATOR_INSTANCE:INTERNAL=
//Name of generator platform.
CMAKE_GENERATOR_PLATFORM:INTERNAL=
//Name of generator toolset.
CMAKE_GENERATOR_TOOLSET:INTERNAL=
//Source directory with the top level CMakeLists.txt file for this
// project
CMAKE_HOME_DIRECTORY:INTERNAL=/home/jliang/ros_ws/src/rosidl/rosidl_typesupport_interface
//Install .so files without execute permission.
CMAKE_INSTALL_SO_NO_EXE:INTERNAL=1
//Name of CMakeLists files to read
CMAKE_LIST_FILE_NAME:INTERNAL=CMakeLists.txt
//ADVANCED property for variable: CMAKE_MAKE_PROGRAM
CMAKE_MAKE_PROGRAM-ADVANCED:INTERNAL=1
//number of local generators
CMAKE_NUMBER_OF_MAKEFILES:INTERNAL=1
//Platform information initialized
CMAKE_PLATFORM_INFO_INITIALIZED:INTERNAL=1
//Path to CMake installation.
CMAKE_ROOT:INTERNAL=/home/jliang/miniforge3/envs/ros_humble/share/cmake-4.2
//ADVANCED property for variable: CMAKE_SKIP_INSTALL_RPATH
CMAKE_SKIP_INSTALL_RPATH-ADVANCED:INTERNAL=1
//ADVANCED property for variable: CMAKE_SKIP_RPATH
CMAKE_SKIP_RPATH-ADVANCED:INTERNAL=1
//uname command
CMAKE_UNAME:INTERNAL=/usr/bin/uname
//ADVANCED property for variable: CMAKE_VERBOSE_MAKEFILE
CMAKE_VERBOSE_MAKEFILE-ADVANCED:INTERNAL=1
//Details about finding Python3
FIND_PACKAGE_MESSAGE_DETAILS_Python3:INTERNAL=[/home/jliang/miniforge3/envs/ros_humble/bin/python][found components: Interpreter ][v3.10.19()]
//Compiler reason failure
_Python3_Compiler_REASON_FAILURE:INTERNAL=
//Development reason failure
_Python3_Development_REASON_FAILURE:INTERNAL=
_Python3_EXECUTABLE:INTERNAL=/home/jliang/miniforge3/envs/ros_humble/bin/python
//Python3 Properties
_Python3_INTERPRETER_PROPERTIES:INTERNAL=Python;3;10;19;64;<none>;cpython-310-x86_64-linux-gnu;abi3;/home/jliang/miniforge3/envs/ros_humble/lib/python3.10;/home/jliang/miniforge3/envs/ros_humble/lib/python3.10;/home/jliang/miniforge3/envs/ros_humble/lib/python3.10/site-packages;/home/jliang/miniforge3/envs/ros_humble/lib/python3.10/site-packages
_Python3_INTERPRETER_SIGNATURE:INTERNAL=3589d1580cf681d32be898e4ccd9235a
//Interpreter reason failure
_Python3_Interpreter_REASON_FAILURE:INTERNAL=
//NumPy reason failure
_Python3_NumPy_REASON_FAILURE:INTERNAL=
//Index for unique symlink install targets
__AMENT_CMAKE_SYMLINK_INSTALL_TARGETS_INDEX:INTERNAL=0

