[0.016s] Invoking command in '/home/jliang/ros_ws/build/libmavconn': CMAKE_PREFIX_PATH=/home/jliang/ros_ws/install/mavlink:/home/jliang/ros_ws/install/common_interfaces:/home/jliang/ros_ws/install/visualization_msgs:/home/jliang/ros_ws/install/uuid_msgs:/home/jliang/ros_ws/install/tf2_geometry_msgs:/home/jliang/ros_ws/install/tf2_eigen:/home/jliang/ros_ws/install/tf2_ros:/home/jliang/ros_ws/install/tf2_py:/home/jliang/ros_ws/install/tf2_msgs:/home/jliang/ros_ws/install/diagnostics:/home/jliang/ros_ws/install/self_test:/home/jliang/ros_ws/install/message_filters:/home/jliang/ros_ws/install/diagnostic_common_diagnostics:/home/jliang/ros_ws/install/diagnostic_updater:/home/jliang/ros_ws/install/diagnostic_aggregator:/home/jliang/ros_ws/install/rclpy:/home/jliang/ros_ws/install/rclcpp_action:/home/jliang/ros_ws/install/rcl_action:/home/jliang/ros_ws/install/mavros_msgs:/home/jliang/ros_ws/install/geographic_info:/home/jliang/ros_ws/install/geodesy:/home/jliang/ros_ws/install/geographic_msgs:/home/jliang/ros_ws/install/action_msgs:/home/jliang/ros_ws/install/unique_identifier_msgs:/home/jliang/ros_ws/install/trajectory_msgs:/home/jliang/ros_ws/install/tf2:/home/jliang/ros_ws/install/stereo_msgs:/home/jliang/ros_ws/install/std_srvs:/home/jliang/ros_ws/install/shape_msgs:/home/jliang/ros_ws/install/sensor_msgs:/home/jliang/ros_ws/install/nav_msgs:/home/jliang/ros_ws/install/diagnostic_msgs:/home/jliang/ros_ws/install/geometry_msgs:/home/jliang/ros_ws/install/actionlib_msgs:/home/jliang/ros_ws/install/std_msgs:/home/jliang/ros_ws/install/rclcpp_lifecycle:/home/jliang/ros_ws/install/rclcpp_components:/home/jliang/ros_ws/install/rclcpp:/home/jliang/ros_ws/install/statistics_msgs:/home/jliang/ros_ws/install/rosidl_typesupport_introspection_tests:/home/jliang/ros_ws/install/rosgraph_msgs:/home/jliang/ros_ws/install/rcl_lifecycle:/home/jliang/ros_ws/install/rcl:/home/jliang/ros_ws/install/composition_interfaces:/home/jliang/ros_ws/install/rcl_interfaces:/home/jliang/ros_ws/install/lifecycle_msgs:/home/jliang/ros_ws/install/builtin_interfaces:/home/jliang/ros_ws/install/rosidl_default_runtime:/home/jliang/ros_ws/install/rosidl_default_generators:/home/jliang/ros_ws/install/rosidl_typesupport_cpp:/home/jliang/ros_ws/install/rosidl_typesupport_introspection_cpp:/home/jliang/ros_ws/install/rosidl_generator_py:/home/jliang/ros_ws/install/rosidl_typesupport_c:/home/jliang/ros_ws/install/rosidl_typesupport_introspection_c:/home/jliang/ros_ws/install/rosidl_generator_cpp:/home/jliang/ros_ws/install/rosidl_runtime_cpp:/home/jliang/ros_ws/install/rosidl_runtime_c:/home/jliang/ros_ws/install/rosidl_generator_c:/home/jliang/ros_ws/install/rosidl_typesupport_interface:/home/jliang/ros_ws/install/rosidl_cmake:/home/jliang/ros_ws/install/rosidl_parser:/home/jliang/ros_ws/install/rosidl_adapter:/home/jliang/ros_ws/install/rcl_logging_spdlog:/home/jliang/ros_ws/install/rcl_logging_noop:/home/jliang/ros_ws/install/rcl_logging_interface:/home/jliang/ros_ws/install/pluginlib:/home/jliang/ros_ws/install/rcutils:/home/jliang/ros_ws/install/rcl_yaml_param_parser:/home/jliang/ros_ws/install/pybind11_vendor:/home/jliang/ros_ws/install/orocos_kdl_vendor:/home/jliang/ros_ws/install/eigen_stl_containers:/home/jliang/ros_ws/install/eigen3_cmake_module:/home/jliang/ros_ws/install/diagnostic_remote_logging:/home/jliang/ros_ws/install/console_bridge_vendor:/home/jliang/ros_ws/install/angles:/home/jliang/miniforge3/envs/ros_humble:/home/jliang/miniforge3/envs/ros_humble/x86_64-conda-linux-gnu/sysroot/usr:/home/jliang/ros_ws/install/tf2_tools:/home/jliang/ros_ws/install/examples_tf2_py:/home/jliang/ros_ws/install/tf2_ros_py:/home/jliang/ros_ws/install/ros2plugin:/home/jliang/ros_ws/install/ravage_ros:/home/jliang/ros_ws/install/sensor_msgs_py:/home/jliang/ros_ws/install/rosidl_cli CONDA_PROMPT_MODIFIER=(ros_humble) /home/jliang/miniforge3/envs/ros_humble/bin/cmake /home/jliang/ros_ws/src/mavros/libmavconn -DCMAKE_BUILD_TYPE=Release -DBUILD_TESTING=OFF -DPython3_EXECUTABLE=/home/jliang/miniforge3/envs/ros_humble/bin/python -DPYTHON_EXECUTABLE=/home/jliang/miniforge3/envs/ros_humble/bin/python -DROS_DISTRO=humble -DCMAKE_POLICY_VERSION_MINIMUM=3.5 -Dmavlink_DIR=/home/jliang/ros_ws/install/mavlink/lib/cmake/MAVLink -DAMENT_CMAKE_SYMLINK_INSTALL=1 -DCMAKE_INSTALL_PREFIX=/home/jliang/ros_ws/install/libmavconn
[0.061s] [0mCMake Deprecation Warning at CMakeLists.txt:1 (cmake_minimum_required):
[0.061s]   Compatibility with CMake < 3.10 will be removed from a future version of
[0.061s]   CMake.
[0.061s] 
[0.061s]   Update the VERSION argument <min> value.  Or, use the <min>...<max> syntax
[0.061s]   to tell CMake that the project requires at least <min> but has been updated
[0.062s]   to work with policies introduced by <max> or earlier.
[0.062s] 
[0.062s] [0m
[0.067s] -- Found ament_cmake: 1.3.3 (/home/jliang/miniforge3/envs/ros_humble/share/ament_cmake/cmake)
[0.272s] -- Override CMake install command with custom implementation using symlinks instead of copying resources
[0.494s] -- Copy mavlink_dialect.hpp to source tree
[0.589s] -- Configuring done (0.6s)
[0.598s] -- Generating done (0.0s)
[0.601s] -- Build files have been written to: /home/jliang/ros_ws/build/libmavconn
[0.612s] Invoked command in '/home/jliang/ros_ws/build/libmavconn' returned '0': CMAKE_PREFIX_PATH=/home/jliang/ros_ws/install/mavlink:/home/jliang/ros_ws/install/common_interfaces:/home/jliang/ros_ws/install/visualization_msgs:/home/jliang/ros_ws/install/uuid_msgs:/home/jliang/ros_ws/install/tf2_geometry_msgs:/home/jliang/ros_ws/install/tf2_eigen:/home/jliang/ros_ws/install/tf2_ros:/home/jliang/ros_ws/install/tf2_py:/home/jliang/ros_ws/install/tf2_msgs:/home/jliang/ros_ws/install/diagnostics:/home/jliang/ros_ws/install/self_test:/home/jliang/ros_ws/install/message_filters:/home/jliang/ros_ws/install/diagnostic_common_diagnostics:/home/jliang/ros_ws/install/diagnostic_updater:/home/jliang/ros_ws/install/diagnostic_aggregator:/home/jliang/ros_ws/install/rclpy:/home/jliang/ros_ws/install/rclcpp_action:/home/jliang/ros_ws/install/rcl_action:/home/jliang/ros_ws/install/mavros_msgs:/home/jliang/ros_ws/install/geographic_info:/home/jliang/ros_ws/install/geodesy:/home/jliang/ros_ws/install/geographic_msgs:/home/jliang/ros_ws/install/action_msgs:/home/jliang/ros_ws/install/unique_identifier_msgs:/home/jliang/ros_ws/install/trajectory_msgs:/home/jliang/ros_ws/install/tf2:/home/jliang/ros_ws/install/stereo_msgs:/home/jliang/ros_ws/install/std_srvs:/home/jliang/ros_ws/install/shape_msgs:/home/jliang/ros_ws/install/sensor_msgs:/home/jliang/ros_ws/install/nav_msgs:/home/jliang/ros_ws/install/diagnostic_msgs:/home/jliang/ros_ws/install/geometry_msgs:/home/jliang/ros_ws/install/actionlib_msgs:/home/jliang/ros_ws/install/std_msgs:/home/jliang/ros_ws/install/rclcpp_lifecycle:/home/jliang/ros_ws/install/rclcpp_components:/home/jliang/ros_ws/install/rclcpp:/home/jliang/ros_ws/install/statistics_msgs:/home/jliang/ros_ws/install/rosidl_typesupport_introspection_tests:/home/jliang/ros_ws/install/rosgraph_msgs:/home/jliang/ros_ws/install/rcl_lifecycle:/home/jliang/ros_ws/install/rcl:/home/jliang/ros_ws/install/composition_interfaces:/home/jliang/ros_ws/install/rcl_interfaces:/home/jliang/ros_ws/install/lifecycle_msgs:/home/jliang/ros_ws/install/builtin_interfaces:/home/jliang/ros_ws/install/rosidl_default_runtime:/home/jliang/ros_ws/install/rosidl_default_generators:/home/jliang/ros_ws/install/rosidl_typesupport_cpp:/home/jliang/ros_ws/install/rosidl_typesupport_introspection_cpp:/home/jliang/ros_ws/install/rosidl_generator_py:/home/jliang/ros_ws/install/rosidl_typesupport_c:/home/jliang/ros_ws/install/rosidl_typesupport_introspection_c:/home/jliang/ros_ws/install/rosidl_generator_cpp:/home/jliang/ros_ws/install/rosidl_runtime_cpp:/home/jliang/ros_ws/install/rosidl_runtime_c:/home/jliang/ros_ws/install/rosidl_generator_c:/home/jliang/ros_ws/install/rosidl_typesupport_interface:/home/jliang/ros_ws/install/rosidl_cmake:/home/jliang/ros_ws/install/rosidl_parser:/home/jliang/ros_ws/install/rosidl_adapter:/home/jliang/ros_ws/install/rcl_logging_spdlog:/home/jliang/ros_ws/install/rcl_logging_noop:/home/jliang/ros_ws/install/rcl_logging_interface:/home/jliang/ros_ws/install/pluginlib:/home/jliang/ros_ws/install/rcutils:/home/jliang/ros_ws/install/rcl_yaml_param_parser:/home/jliang/ros_ws/install/pybind11_vendor:/home/jliang/ros_ws/install/orocos_kdl_vendor:/home/jliang/ros_ws/install/eigen_stl_containers:/home/jliang/ros_ws/install/eigen3_cmake_module:/home/jliang/ros_ws/install/diagnostic_remote_logging:/home/jliang/ros_ws/install/console_bridge_vendor:/home/jliang/ros_ws/install/angles:/home/jliang/miniforge3/envs/ros_humble:/home/jliang/miniforge3/envs/ros_humble/x86_64-conda-linux-gnu/sysroot/usr:/home/jliang/ros_ws/install/tf2_tools:/home/jliang/ros_ws/install/examples_tf2_py:/home/jliang/ros_ws/install/tf2_ros_py:/home/jliang/ros_ws/install/ros2plugin:/home/jliang/ros_ws/install/ravage_ros:/home/jliang/ros_ws/install/sensor_msgs_py:/home/jliang/ros_ws/install/rosidl_cli CONDA_PROMPT_MODIFIER=(ros_humble) /home/jliang/miniforge3/envs/ros_humble/bin/cmake /home/jliang/ros_ws/src/mavros/libmavconn -DCMAKE_BUILD_TYPE=Release -DBUILD_TESTING=OFF -DPython3_EXECUTABLE=/home/jliang/miniforge3/envs/ros_humble/bin/python -DPYTHON_EXECUTABLE=/home/jliang/miniforge3/envs/ros_humble/bin/python -DROS_DISTRO=humble -DCMAKE_POLICY_VERSION_MINIMUM=3.5 -Dmavlink_DIR=/home/jliang/ros_ws/install/mavlink/lib/cmake/MAVLink -DAMENT_CMAKE_SYMLINK_INSTALL=1 -DCMAKE_INSTALL_PREFIX=/home/jliang/ros_ws/install/libmavconn
[0.615s] Invoking command in '/home/jliang/ros_ws/build/libmavconn': CMAKE_PREFIX_PATH=/home/jliang/ros_ws/install/mavlink:/home/jliang/ros_ws/install/common_interfaces:/home/jliang/ros_ws/install/visualization_msgs:/home/jliang/ros_ws/install/uuid_msgs:/home/jliang/ros_ws/install/tf2_geometry_msgs:/home/jliang/ros_ws/install/tf2_eigen:/home/jliang/ros_ws/install/tf2_ros:/home/jliang/ros_ws/install/tf2_py:/home/jliang/ros_ws/install/tf2_msgs:/home/jliang/ros_ws/install/diagnostics:/home/jliang/ros_ws/install/self_test:/home/jliang/ros_ws/install/message_filters:/home/jliang/ros_ws/install/diagnostic_common_diagnostics:/home/jliang/ros_ws/install/diagnostic_updater:/home/jliang/ros_ws/install/diagnostic_aggregator:/home/jliang/ros_ws/install/rclpy:/home/jliang/ros_ws/install/rclcpp_action:/home/jliang/ros_ws/install/rcl_action:/home/jliang/ros_ws/install/mavros_msgs:/home/jliang/ros_ws/install/geographic_info:/home/jliang/ros_ws/install/geodesy:/home/jliang/ros_ws/install/geographic_msgs:/home/jliang/ros_ws/install/action_msgs:/home/jliang/ros_ws/install/unique_identifier_msgs:/home/jliang/ros_ws/install/trajectory_msgs:/home/jliang/ros_ws/install/tf2:/home/jliang/ros_ws/install/stereo_msgs:/home/jliang/ros_ws/install/std_srvs:/home/jliang/ros_ws/install/shape_msgs:/home/jliang/ros_ws/install/sensor_msgs:/home/jliang/ros_ws/install/nav_msgs:/home/jliang/ros_ws/install/diagnostic_msgs:/home/jliang/ros_ws/install/geometry_msgs:/home/jliang/ros_ws/install/actionlib_msgs:/home/jliang/ros_ws/install/std_msgs:/home/jliang/ros_ws/install/rclcpp_lifecycle:/home/jliang/ros_ws/install/rclcpp_components:/home/jliang/ros_ws/install/rclcpp:/home/jliang/ros_ws/install/statistics_msgs:/home/jliang/ros_ws/install/rosidl_typesupport_introspection_tests:/home/jliang/ros_ws/install/rosgraph_msgs:/home/jliang/ros_ws/install/rcl_lifecycle:/home/jliang/ros_ws/install/rcl:/home/jliang/ros_ws/install/composition_interfaces:/home/jliang/ros_ws/install/rcl_interfaces:/home/jliang/ros_ws/install/lifecycle_msgs:/home/jliang/ros_ws/install/builtin_interfaces:/home/jliang/ros_ws/install/rosidl_default_runtime:/home/jliang/ros_ws/install/rosidl_default_generators:/home/jliang/ros_ws/install/rosidl_typesupport_cpp:/home/jliang/ros_ws/install/rosidl_typesupport_introspection_cpp:/home/jliang/ros_ws/install/rosidl_generator_py:/home/jliang/ros_ws/install/rosidl_typesupport_c:/home/jliang/ros_ws/install/rosidl_typesupport_introspection_c:/home/jliang/ros_ws/install/rosidl_generator_cpp:/home/jliang/ros_ws/install/rosidl_runtime_cpp:/home/jliang/ros_ws/install/rosidl_runtime_c:/home/jliang/ros_ws/install/rosidl_generator_c:/home/jliang/ros_ws/install/rosidl_typesupport_interface:/home/jliang/ros_ws/install/rosidl_cmake:/home/jliang/ros_ws/install/rosidl_parser:/home/jliang/ros_ws/install/rosidl_adapter:/home/jliang/ros_ws/install/rcl_logging_spdlog:/home/jliang/ros_ws/install/rcl_logging_noop:/home/jliang/ros_ws/install/rcl_logging_interface:/home/jliang/ros_ws/install/pluginlib:/home/jliang/ros_ws/install/rcutils:/home/jliang/ros_ws/install/rcl_yaml_param_parser:/home/jliang/ros_ws/install/pybind11_vendor:/home/jliang/ros_ws/install/orocos_kdl_vendor:/home/jliang/ros_ws/install/eigen_stl_containers:/home/jliang/ros_ws/install/eigen3_cmake_module:/home/jliang/ros_ws/install/diagnostic_remote_logging:/home/jliang/ros_ws/install/console_bridge_vendor:/home/jliang/ros_ws/install/angles:/home/jliang/miniforge3/envs/ros_humble:/home/jliang/miniforge3/envs/ros_humble/x86_64-conda-linux-gnu/sysroot/usr:/home/jliang/ros_ws/install/tf2_tools:/home/jliang/ros_ws/install/examples_tf2_py:/home/jliang/ros_ws/install/tf2_ros_py:/home/jliang/ros_ws/install/ros2plugin:/home/jliang/ros_ws/install/ravage_ros:/home/jliang/ros_ws/install/sensor_msgs_py:/home/jliang/ros_ws/install/rosidl_cli CONDA_PROMPT_MODIFIER=(ros_humble) /home/jliang/miniforge3/envs/ros_humble/bin/cmake --build /home/jliang/ros_ws/build/libmavconn -- -j48 -l48
[0.670s] [ 16%] [32mBuilding CXX object CMakeFiles/mavconn.dir/generated/src/mavlink_helpers.cpp.o[0m
[0.672s] [ 33%] [32mBuilding CXX object CMakeFiles/mavconn.dir/src/interface.cpp.o[0m
[0.672s] [ 50%] [32mBuilding CXX object CMakeFiles/mavconn.dir/src/udp.cpp.o[0m
[0.674s] [ 83%] [32mBuilding CXX object CMakeFiles/mavconn.dir/src/serial.cpp.o[0m
[0.674s] [ 83%] [32mBuilding CXX object CMakeFiles/mavconn.dir/src/tcp.cpp.o[0m
[0.808s] In file included from [01m[K/home/jliang/ros_ws/src/mavros/libmavconn/include/mavconn/interface.hpp:41[m[K,
[0.808s]                  from [01m[K/home/jliang/ros_ws/build/libmavconn/generated/src/mavlink_helpers.cpp:24[m[K:
[0.808s] [01m[K/home/jliang/ros_ws/src/mavros/libmavconn/include/mavconn/mavlink_dialect.hpp:28:10:[m[K [01;31m[Kfatal error: [m[Kmavlink/config.h: No such file or directory
[0.808s]    28 | #include [01;31m[K<mavlink/config.h>[m[K
[0.808s]       |          [01;31m[K^~~~~~~~~~~~~~~~~~[m[K
[0.808s] compilation terminated.
[0.812s] make[2]: *** [CMakeFiles/mavconn.dir/build.make:79: CMakeFiles/mavconn.dir/generated/src/mavlink_helpers.cpp.o] Error 1
[0.812s] make[2]: *** Waiting for unfinished jobs....
[0.819s] In file included from [01m[K/home/jliang/ros_ws/src/mavros/libmavconn/include/mavconn/interface.hpp:41[m[K,
[0.819s]                  from [01m[K/home/jliang/ros_ws/src/mavros/libmavconn/src/interface.cpp:25[m[K:
[0.819s] [01m[K/home/jliang/ros_ws/src/mavros/libmavconn/include/mavconn/mavlink_dialect.hpp:28:10:[m[K [01;31m[Kfatal error: [m[Kmavlink/config.h: No such file or directory
[0.819s]    28 | #include [01;31m[K<mavlink/config.h>[m[K
[0.819s]       |          [01;31m[K^~~~~~~~~~~~~~~~~~[m[K
[0.819s] compilation terminated.
[0.824s] make[2]: *** [CMakeFiles/mavconn.dir/build.make:93: CMakeFiles/mavconn.dir/src/interface.cpp.o] Error 1
[1.110s] In file included from [01m[K/home/jliang/ros_ws/src/mavros/libmavconn/include/mavconn/interface.hpp:41[m[K,
[1.110s]                  from [01m[K/home/jliang/ros_ws/src/mavros/libmavconn/include/mavconn/udp.hpp:28[m[K,
[1.111s]                  from [01m[K/home/jliang/ros_ws/src/mavros/libmavconn/src/udp.cpp:23[m[K:
[1.111s] [01m[K/home/jliang/ros_ws/src/mavros/libmavconn/include/mavconn/mavlink_dialect.hpp:28:10:[m[K [01;31m[Kfatal error: [m[Kmavlink/config.h: No such file or directory
[1.111s]    28 | #include [01;31m[K<mavlink/config.h>[m[K
[1.112s]       |          [01;31m[K^~~~~~~~~~~~~~~~~~[m[K
[1.112s] compilation terminated.
[1.112s] In file included from [01m[K/home/jliang/ros_ws/src/mavros/libmavconn/include/mavconn/interface.hpp:41[m[K,
[1.112s]                  from [01m[K/home/jliang/ros_ws/src/mavros/libmavconn/include/mavconn/serial.hpp:27[m[K,
[1.113s]                  from [01m[K/home/jliang/ros_ws/src/mavros/libmavconn/src/serial.cpp:26[m[K:
[1.113s] [01m[K/home/jliang/ros_ws/src/mavros/libmavconn/include/mavconn/mavlink_dialect.hpp:28:10:[m[K [01;31m[Kfatal error: [m[Kmavlink/config.h: No such file or directory
[1.113s]    28 | #include [01;31m[K<mavlink/config.h>[m[K
[1.113s]       |          [01;31m[K^~~~~~~~~~~~~~~~~~[m[K
[1.114s] compilation terminated.
[1.117s] In file included from [01m[K/home/jliang/ros_ws/src/mavros/libmavconn/include/mavconn/interface.hpp:41[m[K,
[1.117s]                  from [01m[K/home/jliang/ros_ws/src/mavros/libmavconn/include/mavconn/tcp.hpp:30[m[K,
[1.117s]                  from [01m[K/home/jliang/ros_ws/src/mavros/libmavconn/src/tcp.cpp:24[m[K:
[1.118s] [01m[K/home/jliang/ros_ws/src/mavros/libmavconn/include/mavconn/mavlink_dialect.hpp:28:10:[m[K [01;31m[Kfatal error: [m[Kmavlink/config.h: No such file or directory
[1.118s]    28 | #include [01;31m[K<mavlink/config.h>[m[K
[1.118s]       |          [01;31m[K^~~~~~~~~~~~~~~~~~[m[K
[1.118s] compilation terminated.
[1.122s] make[2]: *** [CMakeFiles/mavconn.dir/build.make:135: CMakeFiles/mavconn.dir/src/udp.cpp.o] Error 1
[1.124s] make[2]: *** [CMakeFiles/mavconn.dir/build.make:107: CMakeFiles/mavconn.dir/src/serial.cpp.o] Error 1
[1.129s] make[2]: *** [CMakeFiles/mavconn.dir/build.make:121: CMakeFiles/mavconn.dir/src/tcp.cpp.o] Error 1
[1.130s] make[1]: *** [CMakeFiles/Makefile2:153: CMakeFiles/mavconn.dir/all] Error 2
[1.130s] make: *** [Makefile:146: all] Error 2
[1.146s] Invoked command in '/home/jliang/ros_ws/build/libmavconn' returned '2': CMAKE_PREFIX_PATH=/home/jliang/ros_ws/install/mavlink:/home/jliang/ros_ws/install/common_interfaces:/home/jliang/ros_ws/install/visualization_msgs:/home/jliang/ros_ws/install/uuid_msgs:/home/jliang/ros_ws/install/tf2_geometry_msgs:/home/jliang/ros_ws/install/tf2_eigen:/home/jliang/ros_ws/install/tf2_ros:/home/jliang/ros_ws/install/tf2_py:/home/jliang/ros_ws/install/tf2_msgs:/home/jliang/ros_ws/install/diagnostics:/home/jliang/ros_ws/install/self_test:/home/jliang/ros_ws/install/message_filters:/home/jliang/ros_ws/install/diagnostic_common_diagnostics:/home/jliang/ros_ws/install/diagnostic_updater:/home/jliang/ros_ws/install/diagnostic_aggregator:/home/jliang/ros_ws/install/rclpy:/home/jliang/ros_ws/install/rclcpp_action:/home/jliang/ros_ws/install/rcl_action:/home/jliang/ros_ws/install/mavros_msgs:/home/jliang/ros_ws/install/geographic_info:/home/jliang/ros_ws/install/geodesy:/home/jliang/ros_ws/install/geographic_msgs:/home/jliang/ros_ws/install/action_msgs:/home/jliang/ros_ws/install/unique_identifier_msgs:/home/jliang/ros_ws/install/trajectory_msgs:/home/jliang/ros_ws/install/tf2:/home/jliang/ros_ws/install/stereo_msgs:/home/jliang/ros_ws/install/std_srvs:/home/jliang/ros_ws/install/shape_msgs:/home/jliang/ros_ws/install/sensor_msgs:/home/jliang/ros_ws/install/nav_msgs:/home/jliang/ros_ws/install/diagnostic_msgs:/home/jliang/ros_ws/install/geometry_msgs:/home/jliang/ros_ws/install/actionlib_msgs:/home/jliang/ros_ws/install/std_msgs:/home/jliang/ros_ws/install/rclcpp_lifecycle:/home/jliang/ros_ws/install/rclcpp_components:/home/jliang/ros_ws/install/rclcpp:/home/jliang/ros_ws/install/statistics_msgs:/home/jliang/ros_ws/install/rosidl_typesupport_introspection_tests:/home/jliang/ros_ws/install/rosgraph_msgs:/home/jliang/ros_ws/install/rcl_lifecycle:/home/jliang/ros_ws/install/rcl:/home/jliang/ros_ws/install/composition_interfaces:/home/jliang/ros_ws/install/rcl_interfaces:/home/jliang/ros_ws/install/lifecycle_msgs:/home/jliang/ros_ws/install/builtin_interfaces:/home/jliang/ros_ws/install/rosidl_default_runtime:/home/jliang/ros_ws/install/rosidl_default_generators:/home/jliang/ros_ws/install/rosidl_typesupport_cpp:/home/jliang/ros_ws/install/rosidl_typesupport_introspection_cpp:/home/jliang/ros_ws/install/rosidl_generator_py:/home/jliang/ros_ws/install/rosidl_typesupport_c:/home/jliang/ros_ws/install/rosidl_typesupport_introspection_c:/home/jliang/ros_ws/install/rosidl_generator_cpp:/home/jliang/ros_ws/install/rosidl_runtime_cpp:/home/jliang/ros_ws/install/rosidl_runtime_c:/home/jliang/ros_ws/install/rosidl_generator_c:/home/jliang/ros_ws/install/rosidl_typesupport_interface:/home/jliang/ros_ws/install/rosidl_cmake:/home/jliang/ros_ws/install/rosidl_parser:/home/jliang/ros_ws/install/rosidl_adapter:/home/jliang/ros_ws/install/rcl_logging_spdlog:/home/jliang/ros_ws/install/rcl_logging_noop:/home/jliang/ros_ws/install/rcl_logging_interface:/home/jliang/ros_ws/install/pluginlib:/home/jliang/ros_ws/install/rcutils:/home/jliang/ros_ws/install/rcl_yaml_param_parser:/home/jliang/ros_ws/install/pybind11_vendor:/home/jliang/ros_ws/install/orocos_kdl_vendor:/home/jliang/ros_ws/install/eigen_stl_containers:/home/jliang/ros_ws/install/eigen3_cmake_module:/home/jliang/ros_ws/install/diagnostic_remote_logging:/home/jliang/ros_ws/install/console_bridge_vendor:/home/jliang/ros_ws/install/angles:/home/jliang/miniforge3/envs/ros_humble:/home/jliang/miniforge3/envs/ros_humble/x86_64-conda-linux-gnu/sysroot/usr:/home/jliang/ros_ws/install/tf2_tools:/home/jliang/ros_ws/install/examples_tf2_py:/home/jliang/ros_ws/install/tf2_ros_py:/home/jliang/ros_ws/install/ros2plugin:/home/jliang/ros_ws/install/ravage_ros:/home/jliang/ros_ws/install/sensor_msgs_py:/home/jliang/ros_ws/install/rosidl_cli CONDA_PROMPT_MODIFIER=(ros_humble) /home/jliang/miniforge3/envs/ros_humble/bin/cmake --build /home/jliang/ros_ws/build/libmavconn -- -j48 -l48
